TN:
SF:src/app.ts
FN:22,(anonymous_7)
FN:29,(anonymous_8)
FNF:2
FNH:0
FNDA:0,(anonymous_7)
FNDA:0,(anonymous_8)
DA:1,1
DA:2,1
DA:3,1
DA:5,1
DA:7,1
DA:11,1
DA:13,1
DA:16,1
DA:17,1
DA:19,1
DA:20,1
DA:22,1
DA:23,0
DA:26,1
DA:27,1
DA:29,1
DA:30,1
DA:34,1
DA:36,1
LF:19
LH:18
BRDA:13,0,0,0
BRDA:13,0,1,1
BRF:2
BRH:1
end_of_record
TN:
SF:src/server.ts
FN:8,(anonymous_0)
FNF:1
FNH:0
FNDA:0,(anonymous_0)
DA:4,0
DA:6,0
DA:8,0
DA:9,0
LF:4
LH:0
BRF:0
BRH:0
end_of_record
TN:
SF:src/data/models/GuestModel.ts
FNF:0
FNH:0
DA:4,0
LF:1
LH:0
BRF:0
BRH:0
end_of_record
TN:
SF:src/data/models/RoomModel.ts
FNF:0
FNH:0
DA:1,1
DA:2,1
DA:4,1
DA:6,1
LF:4
LH:4
BRF:0
BRH:0
end_of_record
TN:
SF:src/data/models/UserModel.ts
FNF:0
FNH:0
DA:4,0
LF:1
LH:0
BRF:0
BRH:0
end_of_record
TN:
SF:src/data/schema/AccommodationSchema.ts
FNF:0
FNH:0
DA:3,0
LF:1
LH:0
BRF:0
BRH:0
end_of_record
TN:
SF:src/data/schema/CompanySchema.ts
FNF:0
FNH:0
DA:3,0
LF:1
LH:0
BRF:0
BRH:0
end_of_record
TN:
SF:src/data/schema/GuestSchema.ts
FNF:0
FNH:0
DA:3,0
LF:1
LH:0
BRF:0
BRH:0
end_of_record
TN:
SF:src/data/schema/ReservationSchema.ts
FNF:0
FNH:0
DA:3,0
LF:1
LH:0
BRF:0
BRH:0
end_of_record
TN:
SF:src/data/schema/RoleSchema.ts
FNF:0
FNH:0
DA:3,0
LF:1
LH:0
BRF:0
BRH:0
end_of_record
TN:
SF:src/data/schema/RoomSchema.ts
FNF:0
FNH:0
DA:1,1
DA:3,1
DA:18,1
LF:3
LH:3
BRF:0
BRH:0
end_of_record
TN:
SF:src/data/schema/UserSchema.ts
FNF:0
FNH:0
DA:3,0
LF:1
LH:0
BRF:0
BRH:0
end_of_record
TN:
SF:src/generators/PipelineClass.ts
FN:8,(anonymous_0)
FN:12,(anonymous_1)
FN:16,(anonymous_2)
FN:19,(anonymous_3)
FNF:4
FNH:0
FNDA:0,(anonymous_0)
FNDA:0,(anonymous_1)
FNDA:0,(anonymous_2)
FNDA:0,(anonymous_3)
DA:6,0
DA:9,0
DA:13,0
DA:17,0
DA:19,0
DA:20,0
DA:23,0
LF:7
LH:0
BRF:0
BRH:0
end_of_record
TN:
SF:src/generators/Actions/Actions.ts
FN:6,(anonymous_7)
FN:12,(anonymous_8)
FN:18,(anonymous_9)
FN:24,(anonymous_10)
FN:30,(anonymous_11)
FN:36,(anonymous_12)
FN:36,(anonymous_13)
FNF:7
FNH:2
FNDA:0,(anonymous_7)
FNDA:0,(anonymous_8)
FNDA:0,(anonymous_9)
FNDA:0,(anonymous_10)
FNDA:0,(anonymous_11)
FNDA:1,(anonymous_12)
FNDA:1,(anonymous_13)
DA:3,1
DA:7,0
DA:13,0
DA:19,0
DA:25,0
DA:31,0
DA:36,1
DA:37,1
DA:38,1
DA:39,0
DA:44,1
LF:11
LH:5
BRF:0
BRH:0
end_of_record
TN:
SF:src/generators/CommonTypes/ActionType.ts
FNF:0
FNH:0
LF:0
LH:0
BRF:0
BRH:0
end_of_record
TN:
SF:src/generators/CommonTypes/EndpointType.ts
FNF:0
FNH:0
LF:0
LH:0
BRF:0
BRH:0
end_of_record
TN:
SF:src/generators/CommonTypes/MiddlewareConfig.ts
FNF:0
FNH:0
LF:0
LH:0
BRF:0
BRH:0
end_of_record
TN:
SF:src/generators/CommonTypes/RouterConfig.ts
FNF:0
FNH:0
LF:0
LH:0
BRF:0
BRH:0
end_of_record
TN:
SF:src/generators/Controllers/Controllers.ts
FN:9,(anonymous_1)
FN:15,(anonymous_2)
FN:21,(anonymous_3)
FN:27,(anonymous_4)
FN:33,(anonymous_5)
FN:39,(anonymous_6)
FNF:6
FNH:6
FNDA:1,(anonymous_1)
FNDA:1,(anonymous_2)
FNDA:1,(anonymous_3)
FNDA:1,(anonymous_4)
FNDA:1,(anonymous_5)
FNDA:1,(anonymous_6)
DA:4,1
DA:6,1
DA:10,1
DA:16,1
DA:22,1
DA:28,1
DA:34,1
DA:40,1
DA:45,1
LF:9
LH:9
BRF:0
BRH:0
end_of_record
TN:
SF:src/generators/Controllers/ControllerMiddleware/ControllerMiddleware.ts
FN:7,(anonymous_8)
FN:8,(anonymous_9)
FN:8,(anonymous_10)
FN:22,(anonymous_11)
FN:23,(anonymous_12)
FN:23,(anonymous_13)
FN:36,(anonymous_14)
FN:37,(anonymous_15)
FN:37,(anonymous_16)
FN:50,(anonymous_17)
FN:51,(anonymous_18)
FN:51,(anonymous_19)
FN:64,(anonymous_20)
FN:65,(anonymous_21)
FN:65,(anonymous_22)
FN:79,(anonymous_23)
FN:80,(anonymous_24)
FN:80,(anonymous_25)
FNF:18
FNH:8
FNDA:1,(anonymous_8)
FNDA:0,(anonymous_9)
FNDA:0,(anonymous_10)
FNDA:1,(anonymous_11)
FNDA:0,(anonymous_12)
FNDA:0,(anonymous_13)
FNDA:1,(anonymous_14)
FNDA:1,(anonymous_15)
FNDA:1,(anonymous_16)
FNDA:1,(anonymous_17)
FNDA:0,(anonymous_18)
FNDA:0,(anonymous_19)
FNDA:1,(anonymous_20)
FNDA:0,(anonymous_21)
FNDA:0,(anonymous_22)
FNDA:1,(anonymous_23)
FNDA:0,(anonymous_24)
FNDA:0,(anonymous_25)
DA:4,1
DA:6,1
DA:8,1
DA:9,0
DA:10,0
DA:11,0
DA:12,0
DA:13,0
DA:16,0
DA:20,1
DA:23,1
DA:24,0
DA:25,0
DA:26,0
DA:27,0
DA:30,0
DA:34,1
DA:37,1
DA:38,1
DA:39,1
DA:40,0
DA:41,0
DA:44,0
DA:48,1
DA:51,1
DA:52,0
DA:53,0
DA:54,0
DA:55,0
DA:58,0
DA:62,1
DA:65,1
DA:66,0
DA:67,0
DA:68,0
DA:69,0
DA:70,0
DA:73,0
DA:77,1
DA:80,1
DA:81,0
DA:82,0
DA:83,0
DA:84,0
DA:86,0
DA:87,0
DA:90,0
DA:91,0
DA:94,0
DA:96,0
DA:98,0
DA:101,0
DA:105,1
DA:109,1
LF:54
LH:17
BRDA:86,0,0,0
BRDA:86,0,1,0
BRDA:90,1,0,0
BRDA:90,1,1,0
BRF:4
BRH:0
end_of_record
TN:
SF:src/generators/Factories/ControllerFactory.ts
FN:7,(anonymous_1)
FN:11,(anonymous_2)
FNF:2
FNH:2
FNDA:6,(anonymous_1)
FNDA:21,(anonymous_2)
DA:3,1
DA:6,1
DA:8,6
DA:9,6
DA:11,21
DA:15,1
LF:6
LH:6
BRDA:8,0,0,0
BRDA:8,0,1,6
BRDA:9,1,0,0
BRDA:9,1,1,6
BRF:4
BRH:2
end_of_record
TN:
SF:src/generators/Factories/RouterFactory.ts
FN:7,createMiddleware
FN:12,(anonymous_2)
FN:15,(anonymous_3)
FNF:3
FNH:3
FNDA:6,createMiddleware
FNDA:1,(anonymous_2)
FNDA:6,(anonymous_3)
DA:1,1
DA:5,1
DA:8,6
DA:11,1
DA:13,1
DA:15,1
DA:18,6
DA:20,6
DA:21,3
DA:22,3
DA:23,1
DA:24,2
DA:25,1
DA:26,1
DA:27,1
DA:29,0
DA:33,1
DA:37,1
LF:18
LH:17
BRDA:20,0,0,3
BRDA:20,0,1,3
BRDA:22,1,0,1
BRDA:22,1,1,2
BRDA:24,2,0,1
BRDA:24,2,1,1
BRDA:26,3,0,1
BRDA:26,3,1,0
BRF:8
BRH:7
end_of_record
TN:
SF:src/generators/Factories/ServiceFactory.ts
FN:8,(anonymous_1)
FN:9,(anonymous_2)
FN:10,(anonymous_3)
FNF:3
FNH:3
FNDA:1,(anonymous_1)
FNDA:6,(anonymous_2)
FNDA:6,(anonymous_3)
DA:4,1
DA:7,1
DA:9,6
DA:10,6
DA:12,0
DA:16,1
LF:6
LH:5
BRDA:9,0,0,1
BRDA:9,0,1,0
BRF:2
BRH:1
end_of_record
TN:
SF:src/middleware/auth/Auth.ts
FN:5,validateToken
FN:11,signToken
FN:16,(anonymous_2)
FN:18,(anonymous_3)
FN:23,register
FN:32,(anonymous_5)
FNF:6
FNH:0
FNDA:0,validateToken
FNDA:0,signToken
FNDA:0,(anonymous_2)
FNDA:0,(anonymous_3)
FNDA:0,register
FNDA:0,(anonymous_5)
DA:6,0
DA:8,0
DA:12,0
DA:14,0
DA:16,0
DA:17,0
DA:19,0
DA:24,0
DA:25,0
DA:26,0
DA:28,0
DA:29,0
DA:33,0
DA:39,0
DA:44,0
LF:15
LH:0
BRDA:14,0,0,0
BRDA:14,0,1,0
BRDA:14,1,0,0
BRDA:14,1,1,0
BRDA:25,2,0,0
BRDA:25,2,1,0
BRF:6
BRH:0
end_of_record
TN:
SF:src/middleware/auth/TokenManager.ts
FN:3,generateToken
FN:9,validateToken
FNF:2
FNH:0
FNDA:0,generateToken
FNDA:0,validateToken
DA:4,0
DA:6,0
DA:10,0
DA:12,0
DA:15,0
LF:5
LH:0
BRDA:4,0,0,0
BRDA:4,0,1,0
BRDA:10,1,0,0
BRDA:10,1,1,0
BRF:4
BRH:0
end_of_record
TN:
SF:src/routes/guestRouter.ts
FNF:0
FNH:0
DA:5,0
DA:56,0
LF:2
LH:0
BRF:0
BRH:0
end_of_record
TN:
SF:src/routes/roomRouter.ts
FNF:0
FNH:0
DA:1,1
DA:3,1
DA:5,1
DA:56,1
LF:4
LH:4
BRF:0
BRH:0
end_of_record
TN:
SF:src/routes/userRouter.ts
FNF:0
FNH:0
DA:5,0
DA:7,0
DA:8,0
DA:9,0
LF:4
LH:0
BRF:0
BRH:0
end_of_record
